Build started 22/5/2021 9:19:00 pm.
     1>Project "D:\BigProject_CPP\GameSDLcppDemo\GameSDLcppDemo.vcxproj" on node 2 (Build target(s)).
     1>ClCompile:
         C:\Program Files (x86)\Microsoft Visual Studio 11.0\VC\bin\CL.exe /c /ZI /nologo /W3 /WX- /Od /Oy- /D WIN32 /D _DEBUG /D _CONSOLE /D _UNICODE /D UNICODE /Gm /EHsc /RTC1 /MDd /GS /fp:precise /Zc:wchar_t /Zc:forScope /Fo"Debug\\" /Fd"Debug\vc110.pdb" /Gd /TP /analyze- /errorReport:prompt AmoObject.cpp BaseObject.cpp Bonus.cpp Common_Function.cpp ExplosionObject.cpp main1.cpp MainObject.cpp PlayerPowcpp.cpp TextObject.cpp ThreatsObject.cpp
         ThreatsObject.cpp
     1>d:\bigproject_cpp\gamesdlcppdemo\threatsobject.cpp(7): warning C4244: '=' : conversion from 'double' to 'Sint16', possible loss of data
     1>d:\bigproject_cpp\gamesdlcppdemo\threatsobject.cpp(20): warning C4018: '<' : signed/unsigned mismatch
     1>d:\bigproject_cpp\gamesdlcppdemo\threatsobject.cpp(42): warning C4244: 'argument' : conversion from 'double' to 'const int', possible loss of data
     1>d:\bigproject_cpp\gamesdlcppdemo\threatsobject.cpp(50): warning C4018: '<' : signed/unsigned mismatch
     1>d:\bigproject_cpp\gamesdlcppdemo\threatsobject.cpp(63): warning C4244: 'argument' : conversion from 'double' to 'const int', possible loss of data
     1>d:\bigproject_cpp\gamesdlcppdemo\threatsobject.cpp(77): warning C4244: '=' : conversion from 'double' to 'int', possible loss of data
     1>d:\bigproject_cpp\gamesdlcppdemo\threatsobject.cpp(93): warning C4244: '=' : conversion from 'double' to 'int', possible loss of data
     1>d:\bigproject_cpp\gamesdlcppdemo\threatsobject.cpp(96): warning C4018: '<' : signed/unsigned mismatch
     1>d:\bigproject_cpp\gamesdlcppdemo\threatsobject.cpp(107): warning C4244: 'argument' : conversion from 'double' to 'const int', possible loss of data
         TextObject.cpp
         PlayerPowcpp.cpp
     1>d:\bigproject_cpp\gamesdlcppdemo\playerpowcpp.cpp(20): warning C4018: '<' : signed/unsigned mismatch
         MainObject.cpp
     1>d:\bigproject_cpp\gamesdlcppdemo\mainobject.cpp(71): warning C4244: 'argument' : conversion from 'double' to 'const int', possible loss of data
     1>d:\bigproject_cpp\gamesdlcppdemo\mainobject.cpp(89): warning C4018: '<' : signed/unsigned mismatch
     1>d:\bigproject_cpp\gamesdlcppdemo\mainobject.cpp(127): warning C4018: '<' : signed/unsigned mismatch
     1>d:\bigproject_cpp\gamesdlcppdemo\mainobject.cpp(129): warning C4018: '<' : signed/unsigned mismatch
         main1.cpp
     1>d:\bigproject_cpp\gamesdlcppdemo\main1.cpp(142): warning C4244: '=' : conversion from 'double' to 'int', possible loss of data
     1>d:\bigproject_cpp\gamesdlcppdemo\main1.cpp(167): warning C4244: '=' : conversion from 'double' to 'int', possible loss of data
     1>d:\bigproject_cpp\gamesdlcppdemo\main1.cpp(257): warning C4018: '<' : signed/unsigned mismatch
     1>d:\bigproject_cpp\gamesdlcppdemo\main1.cpp(278): warning C4244: 'initializing' : conversion from 'double' to 'int', possible loss of data
     1>d:\bigproject_cpp\gamesdlcppdemo\main1.cpp(279): warning C4244: 'initializing' : conversion from 'double' to 'int', possible loss of data
     1>d:\bigproject_cpp\gamesdlcppdemo\main1.cpp(325): warning C4018: '<' : signed/unsigned mismatch
     1>d:\bigproject_cpp\gamesdlcppdemo\main1.cpp(344): warning C4018: '<' : signed/unsigned mismatch
         ExplosionObject.cpp
         Common_Function.cpp
         Bonus.cpp
     1>d:\bigproject_cpp\gamesdlcppdemo\bonus.cpp(8): warning C4244: '=' : conversion from 'double' to 'Sint16', possible loss of data
     1>d:\bigproject_cpp\gamesdlcppdemo\bonus.cpp(30): warning C4244: '=' : conversion from 'double' to 'int', possible loss of data
     1>d:\bigproject_cpp\gamesdlcppdemo\bonus.cpp(48): warning C4244: '=' : conversion from 'double' to 'int', possible loss of data
         BaseObject.cpp
         AmoObject.cpp
         Generating Code...
       Link:
         C:\Program Files (x86)\Microsoft Visual Studio 11.0\VC\bin\link.exe /ERRORREPORT:PROMPT /OUT:"D:\BigProject_CPP\Debug\GameSDLcppDemo.exe" /INCREMENTAL /NOLOGO SDL.lib SDLMain.lib SDL_image.lib SDL_mixer.lib SDL_ttf.lib kernel32.lib user32.lib gdi32.lib winspool.lib comdlg32.lib advapi32.lib shell32.lib ole32.lib oleaut32.lib uuid.lib odbc32.lib odbccp32.lib /MANIFEST /MANIFESTUAC:"level='asInvoker' uiAccess='false'" /manifest:embed /DEBUG /PDB:"D:\BigProject_CPP\Debug\GameSDLcppDemo.pdb" /SUBSYSTEM:WINDOWS /TLBID:1 /DYNAMICBASE /NXCOMPAT /IMPLIB:"D:\BigProject_CPP\Debug\GameSDLcppDemo.lib" /MACHINE:X86 Debug\AmoObject.obj
         Debug\BaseObject.obj
         Debug\Bonus.obj
         Debug\Common_Function.obj
         Debug\ExplosionObject.obj
         Debug\main1.obj
         Debug\MainObject.obj
         Debug\PlayerPowcpp.obj
         Debug\TextObject.obj
         Debug\ThreatsObject.obj
     1>MSVCRTD.lib(cinitexe.obj) : warning LNK4098: defaultlib 'msvcrt.lib' conflicts with use of other libs; use /NODEFAULTLIB:library
         GameSDLcppDemo.vcxproj -> D:\BigProject_CPP\Debug\GameSDLcppDemo.exe
     1>Done Building Project "D:\BigProject_CPP\GameSDLcppDemo\GameSDLcppDemo.vcxproj" (Build target(s)).

Build succeeded.

Time Elapsed 00:00:28.03
