C:\USERS\ADMIN\DOWNLOADS\GAMESDLCPPDEMO\GAMESDLCPPDEMO\DEBUG\AMOOBJECT.OBJ
C:\USERS\ADMIN\DOWNLOADS\GAMESDLCPPDEMO\GAMESDLCPPDEMO\DEBUG\COMMON_FUNCTION.OBJ
C:\USERS\ADMIN\DOWNLOADS\GAMESDLCPPDEMO\GAMESDLCPPDEMO\DEBUG\TEXTOBJECT.OBJ
C:\USERS\ADMIN\DOWNLOADS\GAMESDLCPPDEMO\GAMESDLCPPDEMO\DEBUG\THREATSOBJECT.OBJ
C:\USERS\ADMIN\DOWNLOADS\GAMESDLCPPDEMO\GAMESDLCPPDEMO\DEBUG\MAIN1.OBJ
C:\USERS\ADMIN\DOWNLOADS\GAMESDLCPPDEMO\GAMESDLCPPDEMO\DEBUG\VC110.PDB
C:\USERS\ADMIN\DOWNLOADS\GAMESDLCPPDEMO\GAMESDLCPPDEMO\DEBUG\BONUS.OBJ
C:\USERS\ADMIN\DOWNLOADS\GAMESDLCPPDEMO\GAMESDLCPPDEMO\DEBUG\MAINOBJECT.OBJ
C:\USERS\ADMIN\DOWNLOADS\GAMESDLCPPDEMO\DEBUG\GAMESDLCPPDEMO.ILK
C:\USERS\ADMIN\DOWNLOADS\GAMESDLCPPDEMO\DEBUG\GAMESDLCPPDEMO.EXE
C:\USERS\ADMIN\DOWNLOADS\GAMESDLCPPDEMO\DEBUG\GAMESDLCPPDEMO.PDB
C:\Users\admin\Downloads\GameSDLcppDemo\GameSDLcppDemo\Debug\Common_Function.obj
C:\Users\admin\Downloads\GameSDLcppDemo\GameSDLcppDemo\Debug\main1.obj
C:\Users\admin\Downloads\GameSDLcppDemo\GameSDLcppDemo\Debug\TextObject.obj
C:\Users\admin\Downloads\GameSDLcppDemo\GameSDLcppDemo\Debug\ThreatsObject.obj
C:\Users\admin\Downloads\GameSDLcppDemo\GameSDLcppDemo\Debug\cl.command.1.tlog
C:\Users\admin\Downloads\GameSDLcppDemo\GameSDLcppDemo\Debug\CL.read.1.tlog
C:\Users\admin\Downloads\GameSDLcppDemo\GameSDLcppDemo\Debug\CL.write.1.tlog
C:\Users\admin\Downloads\GameSDLcppDemo\GameSDLcppDemo\Debug\link-cvtres.read.1.tlog
C:\Users\admin\Downloads\GameSDLcppDemo\GameSDLcppDemo\Debug\link-cvtres.write.1.tlog
C:\Users\admin\Downloads\GameSDLcppDemo\GameSDLcppDemo\Debug\link-rc.read.1.tlog
C:\Users\admin\Downloads\GameSDLcppDemo\GameSDLcppDemo\Debug\link-rc.write.1.tlog
C:\Users\admin\Downloads\GameSDLcppDemo\GameSDLcppDemo\Debug\link.10596-cvtres.read.1.tlog
C:\Users\admin\Downloads\GameSDLcppDemo\GameSDLcppDemo\Debug\link.10596-cvtres.write.1.tlog
C:\Users\admin\Downloads\GameSDLcppDemo\GameSDLcppDemo\Debug\link.10596-rc.read.1.tlog
C:\Users\admin\Downloads\GameSDLcppDemo\GameSDLcppDemo\Debug\link.10596-rc.write.1.tlog
C:\Users\admin\Downloads\GameSDLcppDemo\GameSDLcppDemo\Debug\link.10596.read.1.tlog
C:\Users\admin\Downloads\GameSDLcppDemo\GameSDLcppDemo\Debug\link.10596.write.1.tlog
C:\Users\admin\Downloads\GameSDLcppDemo\GameSDLcppDemo\Debug\link.10920-cvtres.read.1.tlog
C:\Users\admin\Downloads\GameSDLcppDemo\GameSDLcppDemo\Debug\link.10920-cvtres.write.1.tlog
C:\Users\admin\Downloads\GameSDLcppDemo\GameSDLcppDemo\Debug\link.10920-rc.read.1.tlog
C:\Users\admin\Downloads\GameSDLcppDemo\GameSDLcppDemo\Debug\link.10920-rc.write.1.tlog
C:\Users\admin\Downloads\GameSDLcppDemo\GameSDLcppDemo\Debug\link.10920.read.1.tlog
C:\Users\admin\Downloads\GameSDLcppDemo\GameSDLcppDemo\Debug\link.10920.write.1.tlog
C:\Users\admin\Downloads\GameSDLcppDemo\GameSDLcppDemo\Debug\link.14228-cvtres.read.1.tlog
C:\Users\admin\Downloads\GameSDLcppDemo\GameSDLcppDemo\Debug\link.14228-cvtres.write.1.tlog
C:\Users\admin\Downloads\GameSDLcppDemo\GameSDLcppDemo\Debug\link.14228-rc.read.1.tlog
C:\Users\admin\Downloads\GameSDLcppDemo\GameSDLcppDemo\Debug\link.14228-rc.write.1.tlog
C:\Users\admin\Downloads\GameSDLcppDemo\GameSDLcppDemo\Debug\link.14228.read.1.tlog
C:\Users\admin\Downloads\GameSDLcppDemo\GameSDLcppDemo\Debug\link.14228.write.1.tlog
C:\Users\admin\Downloads\GameSDLcppDemo\GameSDLcppDemo\Debug\link.16840-cvtres.read.1.tlog
C:\Users\admin\Downloads\GameSDLcppDemo\GameSDLcppDemo\Debug\link.16840-cvtres.write.1.tlog
C:\Users\admin\Downloads\GameSDLcppDemo\GameSDLcppDemo\Debug\link.16840-rc.read.1.tlog
C:\Users\admin\Downloads\GameSDLcppDemo\GameSDLcppDemo\Debug\link.16840-rc.write.1.tlog
C:\Users\admin\Downloads\GameSDLcppDemo\GameSDLcppDemo\Debug\link.16840.read.1.tlog
C:\Users\admin\Downloads\GameSDLcppDemo\GameSDLcppDemo\Debug\link.16840.write.1.tlog
C:\Users\admin\Downloads\GameSDLcppDemo\GameSDLcppDemo\Debug\link.17040-cvtres.read.1.tlog
C:\Users\admin\Downloads\GameSDLcppDemo\GameSDLcppDemo\Debug\link.17040-cvtres.write.1.tlog
C:\Users\admin\Downloads\GameSDLcppDemo\GameSDLcppDemo\Debug\link.17040-rc.read.1.tlog
C:\Users\admin\Downloads\GameSDLcppDemo\GameSDLcppDemo\Debug\link.17040-rc.write.1.tlog
C:\Users\admin\Downloads\GameSDLcppDemo\GameSDLcppDemo\Debug\link.17040.read.1.tlog
C:\Users\admin\Downloads\GameSDLcppDemo\GameSDLcppDemo\Debug\link.17040.write.1.tlog
C:\Users\admin\Downloads\GameSDLcppDemo\GameSDLcppDemo\Debug\link.3024-cvtres.read.1.tlog
C:\Users\admin\Downloads\GameSDLcppDemo\GameSDLcppDemo\Debug\link.3024-cvtres.write.1.tlog
C:\Users\admin\Downloads\GameSDLcppDemo\GameSDLcppDemo\Debug\link.3024-rc.read.1.tlog
C:\Users\admin\Downloads\GameSDLcppDemo\GameSDLcppDemo\Debug\link.3024-rc.write.1.tlog
C:\Users\admin\Downloads\GameSDLcppDemo\GameSDLcppDemo\Debug\link.3024.read.1.tlog
C:\Users\admin\Downloads\GameSDLcppDemo\GameSDLcppDemo\Debug\link.3024.write.1.tlog
C:\Users\admin\Downloads\GameSDLcppDemo\GameSDLcppDemo\Debug\link.6280-cvtres.read.1.tlog
C:\Users\admin\Downloads\GameSDLcppDemo\GameSDLcppDemo\Debug\link.6280-cvtres.write.1.tlog
C:\Users\admin\Downloads\GameSDLcppDemo\GameSDLcppDemo\Debug\link.6280-rc.read.1.tlog
C:\Users\admin\Downloads\GameSDLcppDemo\GameSDLcppDemo\Debug\link.6280-rc.write.1.tlog
C:\Users\admin\Downloads\GameSDLcppDemo\GameSDLcppDemo\Debug\link.6280.read.1.tlog
C:\Users\admin\Downloads\GameSDLcppDemo\GameSDLcppDemo\Debug\link.6280.write.1.tlog
C:\Users\admin\Downloads\GameSDLcppDemo\GameSDLcppDemo\Debug\link.command.1.tlog
C:\Users\admin\Downloads\GameSDLcppDemo\GameSDLcppDemo\Debug\link.read.1.tlog
C:\Users\admin\Downloads\GameSDLcppDemo\GameSDLcppDemo\Debug\link.write.1.tlog
C:\Users\admin\Downloads\GameSDLcppDemo\GameSDLcppDemo\Debug\vc110.idb
C:\Users\admin\Downloads\GameSDLcppDemo\GameSDLcppDemo\Debug\vc110.pdb
C:\Users\admin\Downloads\GameSDLcppDemo\Debug\GameSDLcppDemo.pdb
C:\Users\admin\Downloads\GameSDLcppDemo\Debug\GameSDLcppDemo.exe
C:\Users\admin\Downloads\GameSDLcppDemo\Debug\GameSDLcppDemo.ilk
